0 info it worked if it ends with ok
1 verbose cli [ '/usr/bin/node', '/usr/bin/npm', 'install', 'cordova' ]
2 info using npm@1.4.28
3 info using node@v0.10.38
4 verbose node symlink /usr/bin/node
5 warn package.json ARPA@1.0.0 No repository field.
6 verbose readDependencies using package.json deps
7 verbose cache add [ 'cordova', null ]
8 verbose cache add name=undefined spec="cordova" args=["cordova",null]
9 verbose parsed url { protocol: null,
9 verbose parsed url   slashes: null,
9 verbose parsed url   auth: null,
9 verbose parsed url   host: null,
9 verbose parsed url   port: null,
9 verbose parsed url   hostname: null,
9 verbose parsed url   hash: null,
9 verbose parsed url   search: null,
9 verbose parsed url   query: null,
9 verbose parsed url   pathname: 'cordova',
9 verbose parsed url   path: 'cordova',
9 verbose parsed url   href: 'cordova' }
10 silly lockFile a98f2055-cordova cordova
11 verbose lock cordova /home/jorgelima/.npm/a98f2055-cordova.lock
12 silly lockFile a98f2055-cordova cordova
13 silly lockFile a98f2055-cordova cordova
14 verbose addNamed [ 'cordova', '' ]
15 verbose addNamed [ null, '*' ]
16 silly lockFile de8d9fad-cordova cordova@
17 verbose lock cordova@ /home/jorgelima/.npm/de8d9fad-cordova.lock
18 silly addNameRange { name: 'cordova', range: '*', hasData: false }
19 verbose request where is /cordova
20 verbose request registry https://registry.npmjs.org/
21 verbose request id 8417074a428b3cf2
22 verbose url raw /cordova
23 verbose url resolving [ 'https://registry.npmjs.org/', './cordova' ]
24 verbose url resolved https://registry.npmjs.org/cordova
25 verbose request where is https://registry.npmjs.org/cordova
26 info trying registry request attempt 1 at 18:08:33
27 verbose etag "5DW0OMANCOMDJ5512MAN76ANF"
28 http GET https://registry.npmjs.org/cordova
29 http 200 https://registry.npmjs.org/cordova
30 silly registry.get cb [ 200,
30 silly registry.get   { date: 'Mon, 27 Apr 2015 17:08:34 GMT',
30 silly registry.get     server: 'CouchDB/1.5.0 (Erlang OTP/R16B03)',
30 silly registry.get     etag: '"B64U9OARJYMN158JVYH1DWUEJ"',
30 silly registry.get     'content-type': 'application/json',
30 silly registry.get     'cache-control': 'max-age=60',
30 silly registry.get     'content-length': '344266',
30 silly registry.get     'accept-ranges': 'bytes',
30 silly registry.get     via: '1.1 varnish',
30 silly registry.get     age: '0',
30 silly registry.get     'x-served-by': 'cache-fra1230-FRA',
30 silly registry.get     'x-cache': 'HIT',
30 silly registry.get     'x-cache-hits': '1',
30 silly registry.get     'x-timer': 'S1430154513.992332,VS0,VE423',
30 silly registry.get     vary: 'Accept',
30 silly registry.get     'keep-alive': 'timeout=10, max=50',
30 silly registry.get     connection: 'Keep-Alive' } ]
31 silly addNameRange number 2 { name: 'cordova', range: '*', hasData: true }
32 silly addNameRange versions [ 'cordova',
32 silly addNameRange   [ '0.0.1',
32 silly addNameRange     '0.0.2',
32 silly addNameRange     '0.0.3',
32 silly addNameRange     '0.0.4',
32 silly addNameRange     '0.0.5',
32 silly addNameRange     '0.0.6',
32 silly addNameRange     '0.0.7',
32 silly addNameRange     '0.0.8',
32 silly addNameRange     '0.0.9',
32 silly addNameRange     '0.1.0',
32 silly addNameRange     '0.1.1',
32 silly addNameRange     '0.1.2',
32 silly addNameRange     '0.1.3',
32 silly addNameRange     '0.1.4',
32 silly addNameRange     '0.1.5',
32 silly addNameRange     '0.1.6',
32 silly addNameRange     '0.1.7',
32 silly addNameRange     '0.1.8',
32 silly addNameRange     '0.1.9',
32 silly addNameRange     '0.1.10',
32 silly addNameRange     '0.1.11',
32 silly addNameRange     '0.1.12',
32 silly addNameRange     '0.1.13',
32 silly addNameRange     '0.1.14',
32 silly addNameRange     '2.2.0',
32 silly addNameRange     '2.3.0',
32 silly addNameRange     '2.3.1',
32 silly addNameRange     '2.3.2',
32 silly addNameRange     '2.3.3',
32 silly addNameRange     '2.3.5',
32 silly addNameRange     '2.3.6',
32 silly addNameRange     '2.4.0',
32 silly addNameRange     '2.4.1',
32 silly addNameRange     '2.4.2',
32 silly addNameRange     '2.4.3',
32 silly addNameRange     '2.4.4',
32 silly addNameRange     '2.4.5',
32 silly addNameRange     '2.4.6',
32 silly addNameRange     '2.4.7',
32 silly addNameRange     '2.4.8',
32 silly addNameRange     '2.4.9',
32 silly addNameRange     '2.4.10',
32 silly addNameRange     '2.5.0',
32 silly addNameRange     '2.5.2',
32 silly addNameRange     '2.5.3',
32 silly addNameRange     '2.5.4',
32 silly addNameRange     '2.5.5',
32 silly addNameRange     '2.6.0',
32 silly addNameRange     '2.6.1',
32 silly addNameRange     '2.6.2',
32 silly addNameRange     '2.7.0-rc.1',
32 silly addNameRange     '2.7.1-rc.1',
32 silly addNameRange     '2.7.2',
32 silly addNameRange     '2.7.3',
32 silly addNameRange     '2.7.4',
32 silly addNameRange     '2.8.0',
32 silly addNameRange     '2.8.1',
32 silly addNameRange     '2.8.2',
32 silly addNameRange     '2.8.3',
32 silly addNameRange     '2.8.4',
32 silly addNameRange     '2.8.5',
32 silly addNameRange     '2.8.6',
32 silly addNameRange     '2.8.7',
32 silly addNameRange     '2.8.8',
32 silly addNameRange     '2.8.9',
32 silly addNameRange     '2.8.10',
32 silly addNameRange     '2.8.11',
32 silly addNameRange     '2.8.12',
32 silly addNameRange     '2.8.13',
32 silly addNameRange     '2.8.14',
32 silly addNameRange     '2.8.15',
32 silly addNameRange     '2.8.16',
32 silly addNameRange     '2.8.17',
32 silly addNameRange     '2.8.18',
32 silly addNameRange     '2.8.19',
32 silly addNameRange     '2.8.20',
32 silly addNameRange     '2.8.21',
32 silly addNameRange     '2.8.22',
32 silly addNameRange     '2.8.23',
32 silly addNameRange     '2.8.24',
32 silly addNameRange     '2.8.25',
32 silly addNameRange     '2.9.0',
32 silly addNameRange     '2.9.1',
32 silly addNameRange     '2.9.2',
32 silly addNameRange     '2.9.3',
32 silly addNameRange     '2.9.4',
32 silly addNameRange     '2.9.5',
32 silly addNameRange     '2.9.6',
32 silly addNameRange     '2.9.7',
32 silly addNameRange     '3.0.0-rc1',
32 silly addNameRange     '3.0.0-rc1-1',
32 silly addNameRange     '3.0.0-rc1-3',
32 silly addNameRange     '3.0.0',
32 silly addNameRange     '3.0.1',
32 silly addNameRange     '3.0.2',
32 silly addNameRange     '3.0.3',
32 silly addNameRange     '3.0.4',
32 silly addNameRange     '3.0.5',
32 silly addNameRange     '3.0.6',
32 silly addNameRange     '3.0.7',
32 silly addNameRange     '3.0.8',
32 silly addNameRange     '3.0.9',
32 silly addNameRange     '3.0.10',
32 silly addNameRange     '3.1.0-0.1.0',
32 silly addNameRange     '3.1.0-0.2.0',
32 silly addNameRange     '3.2.0-rc.1',
32 silly addNameRange     '3.2.0-0.1.0',
32 silly addNameRange     '3.2.0-0.2.0',
32 silly addNameRange     '3.2.0-0.3.0',
32 silly addNameRange     '3.2.0-0.4.0',
32 silly addNameRange     '3.3.0-rc.1',
32 silly addNameRange     '3.3.0-0.1.1',
32 silly addNameRange     '3.3.1-0.1.2',
32 silly addNameRange     '2.9.0-rc1',
32 silly addNameRange     '3.3.1-0.3.0',
32 silly addNameRange     '3.3.1-0.3.1',
32 silly addNameRange     '3.3.1-0.4.1',
32 silly addNameRange     '3.3.1-0.4.2',
32 silly addNameRange     '3.4.0-0.1.0',
32 silly addNameRange     '3.4.0-0.1.1',
32 silly addNameRange     '3.4.0-0.1.2',
32 silly addNameRange     '3.4.0-0.1.3',
32 silly addNameRange     '0.0.0-fake',
32 silly addNameRange     '3.4.1-0.1.0',
32 silly addNameRange     '3.5.0-0.2.0',
32 silly addNameRange     '3.5.0-0.2.1',
32 silly addNameRange     '3.5.0-0.2.2',
32 silly addNameRange     '3.5.0-0.2.3',
32 silly addNameRange     '3.5.0-0.2.4',
32 silly addNameRange     '3.5.0-0.2.6',
32 silly addNameRange     '3.5.0-0.2.7',
32 silly addNameRange     '3.6.0-0.2.8',
32 silly addNameRange     '3.6.0-0.2.9',
32 silly addNameRange     '3.6.1-0.2.10',
32 silly addNameRange     '3.6.3-0.2.11',
32 silly addNameRange     '3.6.3-0.2.12',
32 silly addNameRange     '3.6.3-0.2.13',
32 silly addNameRange     '4.0.0',
32 silly addNameRange     '4.0.1',
32 silly addNameRange     '4.1.0',
32 silly addNameRange     '4.1.1',
32 silly addNameRange     '4.1.2',
32 silly addNameRange     '4.1.3-nightly.2014.10.21',
32 silly addNameRange     '4.2.0',
32 silly addNameRange     '4.3.0',
32 silly addNameRange     '5.0.0' ] ]
33 verbose addNamed [ 'cordova', '5.0.0' ]
34 verbose addNamed [ '5.0.0', '5.0.0' ]
35 silly lockFile b67265a5-cordova-5-0-0 cordova@5.0.0
36 verbose lock cordova@5.0.0 /home/jorgelima/.npm/b67265a5-cordova-5-0-0.lock
37 silly lockFile 25f67a99-js-org-cordova-cordova-5-0-0-tgz https://registry.npmjs.org/cordova/-/cordova-5.0.0.tgz
38 verbose lock https://registry.npmjs.org/cordova/-/cordova-5.0.0.tgz /home/jorgelima/.npm/25f67a99-js-org-cordova-cordova-5-0-0-tgz.lock
39 verbose addRemoteTarball [ 'https://registry.npmjs.org/cordova/-/cordova-5.0.0.tgz',
39 verbose addRemoteTarball   '696907aff7c889beea4422b6c80e57558a905c05' ]
40 info retry fetch attempt 1 at 18:08:34
41 verbose fetch to= /tmp/npm-6663-K-VjKboa/registry.npmjs.org/cordova/-/cordova-5.0.0.tgz
42 http GET https://registry.npmjs.org/cordova/-/cordova-5.0.0.tgz
43 http 200 https://registry.npmjs.org/cordova/-/cordova-5.0.0.tgz
44 silly lockFile 25f67a99-js-org-cordova-cordova-5-0-0-tgz https://registry.npmjs.org/cordova/-/cordova-5.0.0.tgz
45 silly lockFile 25f67a99-js-org-cordova-cordova-5-0-0-tgz https://registry.npmjs.org/cordova/-/cordova-5.0.0.tgz
46 silly lockFile b67265a5-cordova-5-0-0 cordova@5.0.0
47 silly lockFile b67265a5-cordova-5-0-0 cordova@5.0.0
48 silly lockFile de8d9fad-cordova cordova@
49 silly lockFile de8d9fad-cordova cordova@
50 error Error: EACCES, mkdir '/home/jorgelima/.npm/cordova/5.0.0'
50 error  { [Error: EACCES, mkdir '/home/jorgelima/.npm/cordova/5.0.0']
50 error   errno: 3,
50 error   code: 'EACCES',
50 error   path: '/home/jorgelima/.npm/cordova/5.0.0',
50 error   parent: 'ARPA' }
51 error Please try running this command again as root/Administrator.
52 error System Linux 3.13.0-24-generic
53 error command "/usr/bin/node" "/usr/bin/npm" "install" "cordova"
54 error cwd /home/jorgelima/workspace/ARPA
55 error node -v v0.10.38
56 error npm -v 1.4.28
57 error path /home/jorgelima/.npm/cordova/5.0.0
58 error code EACCES
59 error errno 3
60 error stack Error: EACCES, mkdir '/home/jorgelima/.npm/cordova/5.0.0'
61 verbose exit [ 3, true ]
