0 info it worked if it ends with ok
1 verbose cli [ '/usr/bin/node', '/usr/bin/npm', 'install' ]
2 info using npm@1.4.28
3 info using node@v0.10.38
4 verbose node symlink /usr/bin/node
5 warn package.json arpa@1.0.0 No repository field.
6 warn package.json arpa@1.0.0 No README data
7 verbose readDependencies using package.json deps
8 verbose install where, deps [ '/home/jorgelima/workspace/ARPA/ARPA',
8 verbose install   [ 'gulp',
8 verbose install     'gulp-sass',
8 verbose install     'gulp-concat',
8 verbose install     'gulp-minify-css',
8 verbose install     'gulp-rename',
8 verbose install     'bower',
8 verbose install     'gulp-util',
8 verbose install     'shelljs' ] ]
9 info preinstall arpa@1.0.0
10 verbose readDependencies using package.json deps
11 verbose cache add [ 'gulp-minify-css@^0.3.0', null ]
12 verbose cache add name=undefined spec="gulp-minify-css@^0.3.0" args=["gulp-minify-css@^0.3.0",null]
13 verbose parsed url { protocol: null,
13 verbose parsed url   slashes: null,
13 verbose parsed url   auth: null,
13 verbose parsed url   host: null,
13 verbose parsed url   port: null,
13 verbose parsed url   hostname: null,
13 verbose parsed url   hash: null,
13 verbose parsed url   search: null,
13 verbose parsed url   query: null,
13 verbose parsed url   pathname: 'gulp-minify-css@^0.3.0',
13 verbose parsed url   path: 'gulp-minify-css@^0.3.0',
13 verbose parsed url   href: 'gulp-minify-css@^0.3.0' }
14 verbose cache add [ 'gulp-rename@^1.2.0', null ]
15 verbose cache add name=undefined spec="gulp-rename@^1.2.0" args=["gulp-rename@^1.2.0",null]
16 verbose parsed url { protocol: null,
16 verbose parsed url   slashes: null,
16 verbose parsed url   auth: null,
16 verbose parsed url   host: null,
16 verbose parsed url   port: null,
16 verbose parsed url   hostname: null,
16 verbose parsed url   hash: null,
16 verbose parsed url   search: null,
16 verbose parsed url   query: null,
16 verbose parsed url   pathname: 'gulp-rename@^1.2.0',
16 verbose parsed url   path: 'gulp-rename@^1.2.0',
16 verbose parsed url   href: 'gulp-rename@^1.2.0' }
17 verbose cache add [ 'bower@^1.3.3', null ]
18 verbose cache add name=undefined spec="bower@^1.3.3" args=["bower@^1.3.3",null]
19 verbose parsed url { protocol: null,
19 verbose parsed url   slashes: null,
19 verbose parsed url   auth: null,
19 verbose parsed url   host: null,
19 verbose parsed url   port: null,
19 verbose parsed url   hostname: null,
19 verbose parsed url   hash: null,
19 verbose parsed url   search: null,
19 verbose parsed url   query: null,
19 verbose parsed url   pathname: 'bower@^1.3.3',
19 verbose parsed url   path: 'bower@^1.3.3',
19 verbose parsed url   href: 'bower@^1.3.3' }
20 verbose cache add name="gulp-minify-css" spec="^0.3.0" args=["gulp-minify-css","^0.3.0"]
21 verbose parsed url { protocol: null,
21 verbose parsed url   slashes: null,
21 verbose parsed url   auth: null,
21 verbose parsed url   host: null,
21 verbose parsed url   port: null,
21 verbose parsed url   hostname: null,
21 verbose parsed url   hash: null,
21 verbose parsed url   search: null,
21 verbose parsed url   query: null,
21 verbose parsed url   pathname: '^0.3.0',
21 verbose parsed url   path: '^0.3.0',
21 verbose parsed url   href: '^0.3.0' }
22 verbose addNamed [ 'gulp-minify-css', '^0.3.0' ]
23 verbose addNamed [ null, '>=0.3.0-0 <0.4.0-0' ]
24 verbose cache add name="gulp-rename" spec="^1.2.0" args=["gulp-rename","^1.2.0"]
25 verbose parsed url { protocol: null,
25 verbose parsed url   slashes: null,
25 verbose parsed url   auth: null,
25 verbose parsed url   host: null,
25 verbose parsed url   port: null,
25 verbose parsed url   hostname: null,
25 verbose parsed url   hash: null,
25 verbose parsed url   search: null,
25 verbose parsed url   query: null,
25 verbose parsed url   pathname: '^1.2.0',
25 verbose parsed url   path: '^1.2.0',
25 verbose parsed url   href: '^1.2.0' }
26 verbose addNamed [ 'gulp-rename', '^1.2.0' ]
27 verbose addNamed [ null, '>=1.2.0-0 <2.0.0-0' ]
28 verbose cache add [ 'gulp-util@^2.2.14', null ]
29 verbose cache add name=undefined spec="gulp-util@^2.2.14" args=["gulp-util@^2.2.14",null]
30 verbose parsed url { protocol: null,
30 verbose parsed url   slashes: null,
30 verbose parsed url   auth: null,
30 verbose parsed url   host: null,
30 verbose parsed url   port: null,
30 verbose parsed url   hostname: null,
30 verbose parsed url   hash: null,
30 verbose parsed url   search: null,
30 verbose parsed url   query: null,
30 verbose parsed url   pathname: 'gulp-util@^2.2.14',
30 verbose parsed url   path: 'gulp-util@^2.2.14',
30 verbose parsed url   href: 'gulp-util@^2.2.14' }
31 verbose cache add name="bower" spec="^1.3.3" args=["bower","^1.3.3"]
32 verbose parsed url { protocol: null,
32 verbose parsed url   slashes: null,
32 verbose parsed url   auth: null,
32 verbose parsed url   host: null,
32 verbose parsed url   port: null,
32 verbose parsed url   hostname: null,
32 verbose parsed url   hash: null,
32 verbose parsed url   search: null,
32 verbose parsed url   query: null,
32 verbose parsed url   pathname: '^1.3.3',
32 verbose parsed url   path: '^1.3.3',
32 verbose parsed url   href: '^1.3.3' }
33 verbose addNamed [ 'bower', '^1.3.3' ]
34 verbose addNamed [ null, '>=1.3.3-0 <2.0.0-0' ]
35 silly lockFile 97140670-gulp-minify-css-0-3-0 gulp-minify-css@^0.3.0
36 verbose lock gulp-minify-css@^0.3.0 /home/jorgelima/.npm/97140670-gulp-minify-css-0-3-0.lock
37 silly lockFile 31cef36d-gulp-rename-1-2-0 gulp-rename@^1.2.0
38 verbose lock gulp-rename@^1.2.0 /home/jorgelima/.npm/31cef36d-gulp-rename-1-2-0.lock
39 silly lockFile 0aa5c27e-bower-1-3-3 bower@^1.3.3
40 verbose lock bower@^1.3.3 /home/jorgelima/.npm/0aa5c27e-bower-1-3-3.lock
41 verbose cache add [ 'shelljs@^0.3.0', null ]
42 verbose cache add name=undefined spec="shelljs@^0.3.0" args=["shelljs@^0.3.0",null]
43 verbose parsed url { protocol: null,
43 verbose parsed url   slashes: null,
43 verbose parsed url   auth: null,
43 verbose parsed url   host: null,
43 verbose parsed url   port: null,
43 verbose parsed url   hostname: null,
43 verbose parsed url   hash: null,
43 verbose parsed url   search: null,
43 verbose parsed url   query: null,
43 verbose parsed url   pathname: 'shelljs@^0.3.0',
43 verbose parsed url   path: 'shelljs@^0.3.0',
43 verbose parsed url   href: 'shelljs@^0.3.0' }
44 verbose cache add name="gulp-util" spec="^2.2.14" args=["gulp-util","^2.2.14"]
45 verbose parsed url { protocol: null,
45 verbose parsed url   slashes: null,
45 verbose parsed url   auth: null,
45 verbose parsed url   host: null,
45 verbose parsed url   port: null,
45 verbose parsed url   hostname: null,
45 verbose parsed url   hash: null,
45 verbose parsed url   search: null,
45 verbose parsed url   query: null,
45 verbose parsed url   pathname: '^2.2.14',
45 verbose parsed url   path: '^2.2.14',
45 verbose parsed url   href: '^2.2.14' }
46 verbose addNamed [ 'gulp-util', '^2.2.14' ]
47 verbose addNamed [ null, '>=2.2.14-0 <3.0.0-0' ]
48 silly lockFile e3e5f16b-gulp-util-2-2-14 gulp-util@^2.2.14
49 verbose lock gulp-util@^2.2.14 /home/jorgelima/.npm/e3e5f16b-gulp-util-2-2-14.lock
50 verbose cache add name="shelljs" spec="^0.3.0" args=["shelljs","^0.3.0"]
51 verbose parsed url { protocol: null,
51 verbose parsed url   slashes: null,
51 verbose parsed url   auth: null,
51 verbose parsed url   host: null,
51 verbose parsed url   port: null,
51 verbose parsed url   hostname: null,
51 verbose parsed url   hash: null,
51 verbose parsed url   search: null,
51 verbose parsed url   query: null,
51 verbose parsed url   pathname: '^0.3.0',
51 verbose parsed url   path: '^0.3.0',
51 verbose parsed url   href: '^0.3.0' }
52 verbose addNamed [ 'shelljs', '^0.3.0' ]
53 verbose addNamed [ null, '>=0.3.0-0 <0.4.0-0' ]
54 silly lockFile 1ddaa962-shelljs-0-3-0 shelljs@^0.3.0
55 verbose lock shelljs@^0.3.0 /home/jorgelima/.npm/1ddaa962-shelljs-0-3-0.lock
56 silly addNameRange { name: 'gulp-minify-css',
56 silly addNameRange   range: '>=0.3.0-0 <0.4.0-0',
56 silly addNameRange   hasData: false }
57 silly addNameRange { name: 'gulp-rename',
57 silly addNameRange   range: '>=1.2.0-0 <2.0.0-0',
57 silly addNameRange   hasData: false }
58 silly addNameRange { name: 'bower', range: '>=1.3.3-0 <2.0.0-0', hasData: false }
59 verbose already installed skipping gulp@^3.5.6 /home/jorgelima/workspace/ARPA/ARPA
60 verbose cache add [ 'gulp-sass@^1.3.3', null ]
61 verbose cache add name=undefined spec="gulp-sass@^1.3.3" args=["gulp-sass@^1.3.3",null]
62 verbose parsed url { protocol: null,
62 verbose parsed url   slashes: null,
62 verbose parsed url   auth: null,
62 verbose parsed url   host: null,
62 verbose parsed url   port: null,
62 verbose parsed url   hostname: null,
62 verbose parsed url   hash: null,
62 verbose parsed url   search: null,
62 verbose parsed url   query: null,
62 verbose parsed url   pathname: 'gulp-sass@^1.3.3',
62 verbose parsed url   path: 'gulp-sass@^1.3.3',
62 verbose parsed url   href: 'gulp-sass@^1.3.3' }
63 verbose cache add [ 'gulp-concat@^2.2.0', null ]
64 verbose cache add name=undefined spec="gulp-concat@^2.2.0" args=["gulp-concat@^2.2.0",null]
65 verbose parsed url { protocol: null,
65 verbose parsed url   slashes: null,
65 verbose parsed url   auth: null,
65 verbose parsed url   host: null,
65 verbose parsed url   port: null,
65 verbose parsed url   hostname: null,
65 verbose parsed url   hash: null,
65 verbose parsed url   search: null,
65 verbose parsed url   query: null,
65 verbose parsed url   pathname: 'gulp-concat@^2.2.0',
65 verbose parsed url   path: 'gulp-concat@^2.2.0',
65 verbose parsed url   href: 'gulp-concat@^2.2.0' }
66 silly addNameRange { name: 'gulp-util',
66 silly addNameRange   range: '>=2.2.14-0 <3.0.0-0',
66 silly addNameRange   hasData: false }
67 verbose request where is /gulp-minify-css
68 verbose request registry https://registry.npmjs.org/
69 verbose request id e6064774f8ef2dde
70 verbose url raw /gulp-minify-css
71 verbose url resolving [ 'https://registry.npmjs.org/', './gulp-minify-css' ]
72 verbose url resolved https://registry.npmjs.org/gulp-minify-css
73 verbose request where is https://registry.npmjs.org/gulp-minify-css
74 info trying registry request attempt 1 at 18:02:14
75 http GET https://registry.npmjs.org/gulp-minify-css
76 verbose request where is /gulp-rename
77 verbose request registry https://registry.npmjs.org/
78 verbose url raw /gulp-rename
79 verbose url resolving [ 'https://registry.npmjs.org/', './gulp-rename' ]
80 verbose url resolved https://registry.npmjs.org/gulp-rename
81 verbose request where is https://registry.npmjs.org/gulp-rename
82 info trying registry request attempt 1 at 18:02:14
83 http GET https://registry.npmjs.org/gulp-rename
84 verbose cache add name="gulp-sass" spec="^1.3.3" args=["gulp-sass","^1.3.3"]
85 verbose parsed url { protocol: null,
85 verbose parsed url   slashes: null,
85 verbose parsed url   auth: null,
85 verbose parsed url   host: null,
85 verbose parsed url   port: null,
85 verbose parsed url   hostname: null,
85 verbose parsed url   hash: null,
85 verbose parsed url   search: null,
85 verbose parsed url   query: null,
85 verbose parsed url   pathname: '^1.3.3',
85 verbose parsed url   path: '^1.3.3',
85 verbose parsed url   href: '^1.3.3' }
86 verbose addNamed [ 'gulp-sass', '^1.3.3' ]
87 verbose addNamed [ null, '>=1.3.3-0 <2.0.0-0' ]
88 silly lockFile c5cae820-gulp-sass-1-3-3 gulp-sass@^1.3.3
89 verbose lock gulp-sass@^1.3.3 /home/jorgelima/.npm/c5cae820-gulp-sass-1-3-3.lock
90 verbose cache add name="gulp-concat" spec="^2.2.0" args=["gulp-concat","^2.2.0"]
91 verbose parsed url { protocol: null,
91 verbose parsed url   slashes: null,
91 verbose parsed url   auth: null,
91 verbose parsed url   host: null,
91 verbose parsed url   port: null,
91 verbose parsed url   hostname: null,
91 verbose parsed url   hash: null,
91 verbose parsed url   search: null,
91 verbose parsed url   query: null,
91 verbose parsed url   pathname: '^2.2.0',
91 verbose parsed url   path: '^2.2.0',
91 verbose parsed url   href: '^2.2.0' }
92 verbose addNamed [ 'gulp-concat', '^2.2.0' ]
93 verbose addNamed [ null, '>=2.2.0-0 <3.0.0-0' ]
94 silly lockFile bade1119-gulp-concat-2-2-0 gulp-concat@^2.2.0
95 verbose lock gulp-concat@^2.2.0 /home/jorgelima/.npm/bade1119-gulp-concat-2-2-0.lock
96 silly addNameRange { name: 'shelljs', range: '>=0.3.0-0 <0.4.0-0', hasData: false }
97 silly addNameRange { name: 'gulp-sass',
97 silly addNameRange   range: '>=1.3.3-0 <2.0.0-0',
97 silly addNameRange   hasData: false }
98 silly addNameRange { name: 'gulp-concat',
98 silly addNameRange   range: '>=2.2.0-0 <3.0.0-0',
98 silly addNameRange   hasData: false }
99 verbose request where is /gulp-sass
100 verbose request registry https://registry.npmjs.org/
101 verbose url raw /gulp-sass
102 verbose url resolving [ 'https://registry.npmjs.org/', './gulp-sass' ]
103 verbose url resolved https://registry.npmjs.org/gulp-sass
104 verbose request where is https://registry.npmjs.org/gulp-sass
105 info trying registry request attempt 1 at 18:02:14
106 http GET https://registry.npmjs.org/gulp-sass
107 verbose request where is /gulp-concat
108 verbose request registry https://registry.npmjs.org/
109 verbose url raw /gulp-concat
110 verbose url resolving [ 'https://registry.npmjs.org/', './gulp-concat' ]
111 verbose url resolved https://registry.npmjs.org/gulp-concat
112 verbose request where is https://registry.npmjs.org/gulp-concat
113 info trying registry request attempt 1 at 18:02:14
114 http GET https://registry.npmjs.org/gulp-concat
115 verbose request where is /gulp-util
116 verbose request registry https://registry.npmjs.org/
117 verbose url raw /gulp-util
118 verbose url resolving [ 'https://registry.npmjs.org/', './gulp-util' ]
119 verbose url resolved https://registry.npmjs.org/gulp-util
120 verbose request where is https://registry.npmjs.org/gulp-util
121 info trying registry request attempt 1 at 18:02:14
122 verbose etag "1F3S7YRGC9E1JYDHP642F3Y4Y"
123 http GET https://registry.npmjs.org/gulp-util
124 verbose request where is /bower
125 verbose request registry https://registry.npmjs.org/
126 verbose url raw /bower
127 verbose url resolving [ 'https://registry.npmjs.org/', './bower' ]
128 verbose url resolved https://registry.npmjs.org/bower
129 verbose request where is https://registry.npmjs.org/bower
130 info trying registry request attempt 1 at 18:02:14
131 verbose etag "D3X3IVCHE03MMDYBSQBR8X5TF"
132 http GET https://registry.npmjs.org/bower
133 verbose request where is /shelljs
134 verbose request registry https://registry.npmjs.org/
135 verbose url raw /shelljs
136 verbose url resolving [ 'https://registry.npmjs.org/', './shelljs' ]
137 verbose url resolved https://registry.npmjs.org/shelljs
138 verbose request where is https://registry.npmjs.org/shelljs
139 info trying registry request attempt 1 at 18:02:14
140 verbose etag "F1RNB4VHJJHN31NZS9GSOVHOE"
141 http GET https://registry.npmjs.org/shelljs
142 http 304 https://registry.npmjs.org/gulp-util
143 silly registry.get cb [ 304,
143 silly registry.get   { date: 'Fri, 17 Apr 2015 17:02:14 GMT',
143 silly registry.get     server: 'Apache',
143 silly registry.get     via: '1.1 varnish',
143 silly registry.get     'last-modified': 'Fri, 17 Apr 2015 17:02:14 GMT',
143 silly registry.get     'cache-control': 'max-age=60',
143 silly registry.get     etag: '"1F3S7YRGC9E1JYDHP642F3Y4Y"',
143 silly registry.get     age: '24',
143 silly registry.get     'x-served-by': 'cache-fra1241-FRA',
143 silly registry.get     'x-cache': 'HIT',
143 silly registry.get     'x-cache-hits': '1',
143 silly registry.get     'x-timer': 'S1429290134.970013,VS0,VE0',
143 silly registry.get     vary: 'Accept',
143 silly registry.get     'content-length': '0',
143 silly registry.get     'keep-alive': 'timeout=10, max=50',
143 silly registry.get     connection: 'Keep-Alive' } ]
144 verbose etag https://registry.npmjs.org/gulp-util from cache
145 silly addNameRange number 2 { name: 'gulp-util',
145 silly addNameRange   range: '>=2.2.14-0 <3.0.0-0',
145 silly addNameRange   hasData: true }
146 silly addNameRange versions [ 'gulp-util',
146 silly addNameRange   [ '0.0.1',
146 silly addNameRange     '1.0.0',
146 silly addNameRange     '1.1.0',
146 silly addNameRange     '1.1.1',
146 silly addNameRange     '1.2.0',
146 silly addNameRange     '1.3.0',
146 silly addNameRange     '2.0.0',
146 silly addNameRange     '2.1.1',
146 silly addNameRange     '2.1.2',
146 silly addNameRange     '2.1.3',
146 silly addNameRange     '2.1.4',
146 silly addNameRange     '2.2.0',
146 silly addNameRange     '2.2.1',
146 silly addNameRange     '2.2.2',
146 silly addNameRange     '2.2.3',
146 silly addNameRange     '2.2.5',
146 silly addNameRange     '2.2.6',
146 silly addNameRange     '2.2.7',
146 silly addNameRange     '2.2.8',
146 silly addNameRange     '2.2.9',
146 silly addNameRange     '2.2.10',
146 silly addNameRange     '2.2.11',
146 silly addNameRange     '2.2.12',
146 silly addNameRange     '2.2.13',
146 silly addNameRange     '2.2.14',
146 silly addNameRange     '2.2.15',
146 silly addNameRange     '2.2.16',
146 silly addNameRange     '2.2.17',
146 silly addNameRange     '2.2.18',
146 silly addNameRange     '2.2.19',
146 silly addNameRange     '2.2.20',
146 silly addNameRange     '3.0.0',
146 silly addNameRange     '3.0.1',
146 silly addNameRange     '3.0.2',
146 silly addNameRange     '3.0.3',
146 silly addNameRange     '3.0.4' ] ]
147 verbose addNamed [ 'gulp-util', '2.2.20' ]
148 verbose addNamed [ '2.2.20', '2.2.20' ]
149 silly lockFile 48c194cb-gulp-util-2-2-20 gulp-util@2.2.20
150 verbose lock gulp-util@2.2.20 /home/jorgelima/.npm/48c194cb-gulp-util-2-2-20.lock
151 silly lockFile 34166e88-g-gulp-util-gulp-util-2-2-20-tgz https://registry.npmjs.org/gulp-util/-/gulp-util-2.2.20.tgz
152 verbose lock https://registry.npmjs.org/gulp-util/-/gulp-util-2.2.20.tgz /home/jorgelima/.npm/34166e88-g-gulp-util-gulp-util-2-2-20-tgz.lock
153 verbose addRemoteTarball [ 'https://registry.npmjs.org/gulp-util/-/gulp-util-2.2.20.tgz',
153 verbose addRemoteTarball   'd7146e5728910bd8f047a6b0b1e549bc22dbd64c' ]
154 info retry fetch attempt 1 at 18:02:14
155 verbose fetch to= /tmp/npm-5217-Fr_MGAOk/registry.npmjs.org/gulp-util/-/gulp-util-2.2.20.tgz
156 http GET https://registry.npmjs.org/gulp-util/-/gulp-util-2.2.20.tgz
157 http 200 https://registry.npmjs.org/gulp-concat
158 silly registry.get cb [ 200,
158 silly registry.get   { date: 'Fri, 17 Apr 2015 17:02:14 GMT',
158 silly registry.get     server: 'CouchDB/1.5.0 (Erlang OTP/R16B03)',
158 silly registry.get     etag: '"D35OZSMG3FU9DWIW6MSZUTQ1G"',
158 silly registry.get     'content-type': 'application/json',
158 silly registry.get     'cache-control': 'max-age=60',
158 silly registry.get     'content-length': '34799',
158 silly registry.get     'accept-ranges': 'bytes',
158 silly registry.get     via: '1.1 varnish',
158 silly registry.get     age: '11',
158 silly registry.get     'x-served-by': 'cache-fra1229-FRA',
158 silly registry.get     'x-cache': 'HIT',
158 silly registry.get     'x-cache-hits': '1',
158 silly registry.get     'x-timer': 'S1429290134.984475,VS0,VE0',
158 silly registry.get     vary: 'Accept',
158 silly registry.get     'keep-alive': 'timeout=10, max=50',
158 silly registry.get     connection: 'Keep-Alive' } ]
159 silly addNameRange number 2 { name: 'gulp-concat',
159 silly addNameRange   range: '>=2.2.0-0 <3.0.0-0',
159 silly addNameRange   hasData: true }
160 silly addNameRange versions [ 'gulp-concat',
160 silly addNameRange   [ '0.0.1',
160 silly addNameRange     '1.0.0',
160 silly addNameRange     '1.1.0',
160 silly addNameRange     '2.0.0',
160 silly addNameRange     '2.1.0',
160 silly addNameRange     '2.1.1',
160 silly addNameRange     '2.1.2',
160 silly addNameRange     '2.1.3',
160 silly addNameRange     '2.1.4',
160 silly addNameRange     '2.1.5',
160 silly addNameRange     '2.1.6',
160 silly addNameRange     '2.1.7',
160 silly addNameRange     '2.2.0',
160 silly addNameRange     '2.3.0',
160 silly addNameRange     '2.3.3',
160 silly addNameRange     '2.3.4',
160 silly addNameRange     '2.3.5',
160 silly addNameRange     '2.4.0',
160 silly addNameRange     '2.4.1',
160 silly addNameRange     '2.4.2',
160 silly addNameRange     '2.4.3',
160 silly addNameRange     '2.5.0',
160 silly addNameRange     '2.5.1',
160 silly addNameRange     '2.5.2' ] ]
161 verbose addNamed [ 'gulp-concat', '2.5.2' ]
162 verbose addNamed [ '2.5.2', '2.5.2' ]
163 silly lockFile f86cbda2-gulp-concat-2-5-2 gulp-concat@2.5.2
164 verbose lock gulp-concat@2.5.2 /home/jorgelima/.npm/f86cbda2-gulp-concat-2-5-2.lock
165 silly lockFile 2b63d021-ulp-concat-gulp-concat-2-5-2-tgz https://registry.npmjs.org/gulp-concat/-/gulp-concat-2.5.2.tgz
166 verbose lock https://registry.npmjs.org/gulp-concat/-/gulp-concat-2.5.2.tgz /home/jorgelima/.npm/2b63d021-ulp-concat-gulp-concat-2-5-2-tgz.lock
167 verbose addRemoteTarball [ 'https://registry.npmjs.org/gulp-concat/-/gulp-concat-2.5.2.tgz',
167 verbose addRemoteTarball   'd644372cdc2b3cdb421a8a941c8d74e21d815f14' ]
168 info retry fetch attempt 1 at 18:02:14
169 verbose fetch to= /tmp/npm-5217-Fr_MGAOk/registry.npmjs.org/gulp-concat/-/gulp-concat-2.5.2.tgz
170 http GET https://registry.npmjs.org/gulp-concat/-/gulp-concat-2.5.2.tgz
171 http 304 https://registry.npmjs.org/shelljs
172 silly registry.get cb [ 304,
172 silly registry.get   { date: 'Fri, 17 Apr 2015 17:02:15 GMT',
172 silly registry.get     server: 'Apache',
172 silly registry.get     via: '1.1 varnish',
172 silly registry.get     'last-modified': 'Fri, 17 Apr 2015 17:02:15 GMT',
172 silly registry.get     'cache-control': 'max-age=60',
172 silly registry.get     etag: '"F1RNB4VHJJHN31NZS9GSOVHOE"',
172 silly registry.get     age: '41',
172 silly registry.get     'x-served-by': 'cache-fra1229-FRA',
172 silly registry.get     'x-cache': 'HIT',
172 silly registry.get     'x-cache-hits': '1',
172 silly registry.get     'x-timer': 'S1429290135.091428,VS0,VE0',
172 silly registry.get     vary: 'Accept',
172 silly registry.get     'content-length': '0',
172 silly registry.get     'keep-alive': 'timeout=10, max=49',
172 silly registry.get     connection: 'Keep-Alive' } ]
173 verbose etag https://registry.npmjs.org/shelljs from cache
174 silly addNameRange number 2 { name: 'shelljs', range: '>=0.3.0-0 <0.4.0-0', hasData: true }
175 silly addNameRange versions [ 'shelljs',
175 silly addNameRange   [ '0.0.1',
175 silly addNameRange     '0.0.2',
175 silly addNameRange     '0.0.3',
175 silly addNameRange     '0.0.4',
175 silly addNameRange     '0.0.5',
175 silly addNameRange     '0.0.6',
175 silly addNameRange     '0.0.7',
175 silly addNameRange     '0.0.8',
175 silly addNameRange     '0.0.9',
175 silly addNameRange     '0.1.0',
175 silly addNameRange     '0.1.1',
175 silly addNameRange     '0.1.2',
175 silly addNameRange     '0.1.3',
175 silly addNameRange     '0.1.4',
175 silly addNameRange     '0.2.0',
175 silly addNameRange     '0.2.1',
175 silly addNameRange     '0.2.2',
175 silly addNameRange     '0.2.3',
175 silly addNameRange     '0.2.4',
175 silly addNameRange     '0.2.5',
175 silly addNameRange     '0.2.6',
175 silly addNameRange     '0.3.0',
175 silly addNameRange     '0.4.0',
175 silly addNameRange     '0.0.1-alpha1',
175 silly addNameRange     '0.0.2-pre1',
175 silly addNameRange     '0.0.4-pre1',
175 silly addNameRange     '0.0.5-pre1',
175 silly addNameRange     '0.0.5-pre2',
175 silly addNameRange     '0.0.5-pre3',
175 silly addNameRange     '0.0.5-pre4',
175 silly addNameRange     '0.0.6-pre1',
175 silly addNameRange     '0.0.6-pre2' ] ]
176 verbose addNamed [ 'shelljs', '0.3.0' ]
177 verbose addNamed [ '0.3.0', '0.3.0' ]
178 silly lockFile 7d3918b1-shelljs-0-3-0 shelljs@0.3.0
179 verbose lock shelljs@0.3.0 /home/jorgelima/.npm/7d3918b1-shelljs-0-3-0.lock
180 http 200 https://registry.npmjs.org/gulp-rename
181 silly registry.get cb [ 200,
181 silly registry.get   { date: 'Fri, 17 Apr 2015 17:02:15 GMT',
181 silly registry.get     server: 'CouchDB/1.5.0 (Erlang OTP/R16B03)',
181 silly registry.get     etag: '"M59Y93CC06MF7RDGE94RGAMS"',
181 silly registry.get     'content-type': 'application/json',
181 silly registry.get     'cache-control': 'max-age=60',
181 silly registry.get     'content-length': '11955',
181 silly registry.get     'accept-ranges': 'bytes',
181 silly registry.get     via: '1.1 varnish',
181 silly registry.get     age: '0',
181 silly registry.get     'x-served-by': 'cache-fra1224-FRA',
181 silly registry.get     'x-cache': 'HIT',
181 silly registry.get     'x-cache-hits': '1',
181 silly registry.get     'x-timer': 'S1429290134.977349,VS0,VE178',
181 silly registry.get     vary: 'Accept',
181 silly registry.get     'keep-alive': 'timeout=10, max=50',
181 silly registry.get     connection: 'Keep-Alive' } ]
182 silly addNameRange number 2 { name: 'gulp-rename',
182 silly addNameRange   range: '>=1.2.0-0 <2.0.0-0',
182 silly addNameRange   hasData: true }
183 silly addNameRange versions [ 'gulp-rename',
183 silly addNameRange   [ '0.1.0', '0.2.1', '0.2.2', '1.0.0', '1.1.0', '1.2.0', '1.2.2' ] ]
184 verbose addNamed [ 'gulp-rename', '1.2.2' ]
185 verbose addNamed [ '1.2.2', '1.2.2' ]
186 silly lockFile 36a270fc-gulp-rename-1-2-2 gulp-rename@1.2.2
187 verbose lock gulp-rename@1.2.2 /home/jorgelima/.npm/36a270fc-gulp-rename-1-2-2.lock
188 silly lockFile 12c1b996-ulp-rename-gulp-rename-1-2-2-tgz https://registry.npmjs.org/gulp-rename/-/gulp-rename-1.2.2.tgz
189 verbose lock https://registry.npmjs.org/gulp-rename/-/gulp-rename-1.2.2.tgz /home/jorgelima/.npm/12c1b996-ulp-rename-gulp-rename-1-2-2-tgz.lock
190 verbose addRemoteTarball [ 'https://registry.npmjs.org/gulp-rename/-/gulp-rename-1.2.2.tgz',
190 verbose addRemoteTarball   '3ad4428763f05e2764dec1c67d868db275687817' ]
191 info retry fetch attempt 1 at 18:02:15
192 verbose fetch to= /tmp/npm-5217-Fr_MGAOk/registry.npmjs.org/gulp-rename/-/gulp-rename-1.2.2.tgz
193 http GET https://registry.npmjs.org/gulp-rename/-/gulp-rename-1.2.2.tgz
194 http 200 https://registry.npmjs.org/bower
195 silly registry.get cb [ 200,
195 silly registry.get   { date: 'Fri, 17 Apr 2015 17:02:15 GMT',
195 silly registry.get     server: 'CouchDB/1.5.0 (Erlang OTP/R16B03)',
195 silly registry.get     etag: '"67TYGFPW0ZAHCFMOMDD205HK4"',
195 silly registry.get     'content-type': 'application/json',
195 silly registry.get     'cache-control': 'max-age=60',
195 silly registry.get     'content-length': '111622',
195 silly registry.get     'accept-ranges': 'bytes',
195 silly registry.get     via: '1.1 varnish',
195 silly registry.get     age: '3',
195 silly registry.get     'x-served-by': 'cache-fra1241-FRA',
195 silly registry.get     'x-cache': 'HIT',
195 silly registry.get     'x-cache-hits': '1',
195 silly registry.get     'x-timer': 'S1429290135.026246,VS0,VE0',
195 silly registry.get     vary: 'Accept',
195 silly registry.get     'keep-alive': 'timeout=10, max=49',
195 silly registry.get     connection: 'Keep-Alive' } ]
196 silly addNameRange number 2 { name: 'bower', range: '>=1.3.3-0 <2.0.0-0', hasData: true }
197 silly addNameRange versions [ 'bower',
197 silly addNameRange   [ '0.1.0',
197 silly addNameRange     '0.1.2',
197 silly addNameRange     '0.1.3',
197 silly addNameRange     '0.2.0',
197 silly addNameRange     '0.3.0',
197 silly addNameRange     '0.3.1',
197 silly addNameRange     '0.3.2',
197 silly addNameRange     '0.4.0',
197 silly addNameRange     '0.5.0',
197 silly addNameRange     '0.5.1',
197 silly addNameRange     '0.6.0',
197 silly addNameRange     '0.6.1',
197 silly addNameRange     '0.6.2',
197 silly addNameRange     '0.6.3',
197 silly addNameRange     '0.6.4',
197 silly addNameRange     '0.6.5',
197 silly addNameRange     '0.6.6',
197 silly addNameRange     '0.6.7',
197 silly addNameRange     '0.6.8',
197 silly addNameRange     '0.7.0',
197 silly addNameRange     '0.7.1',
197 silly addNameRange     '0.8.0',
197 silly addNameRange     '0.8.1',
197 silly addNameRange     '0.8.2',
197 silly addNameRange     '0.8.3',
197 silly addNameRange     '0.8.4',
197 silly addNameRange     '0.8.5',
197 silly addNameRange     '0.8.6',
197 silly addNameRange     '0.9.0',
197 silly addNameRange     '0.9.1',
197 silly addNameRange     '0.9.2',
197 silly addNameRange     '0.10.0',
197 silly addNameRange     '1.0.0',
197 silly addNameRange     '1.0.1',
197 silly addNameRange     '1.0.2',
197 silly addNameRange     '1.0.3',
197 silly addNameRange     '1.1.0',
197 silly addNameRange     '1.1.1',
197 silly addNameRange     '1.1.2',
197 silly addNameRange     '1.2.0',
197 silly addNameRange     '1.2.1',
197 silly addNameRange     '1.2.2',
197 silly addNameRange     '1.2.3',
197 silly addNameRange     '1.2.4',
197 silly addNameRange     '1.2.5',
197 silly addNameRange     '1.2.6',
197 silly addNameRange     '1.2.7',
197 silly addNameRange     '1.2.8',
197 silly addNameRange     '1.3.0',
197 silly addNameRange     '1.3.1',
197 silly addNameRange     '1.3.2',
197 silly addNameRange     '1.3.3',
197 silly addNameRange     '1.3.4',
197 silly addNameRange     '1.3.5',
197 silly addNameRange     '1.3.6',
197 silly addNameRange     '1.3.7',
197 silly addNameRange     '1.3.8',
197 silly addNameRange     '1.3.9',
197 silly addNameRange     '1.3.10',
197 silly addNameRange     '1.3.11',
197 silly addNameRange     '1.3.12',
197 silly addNameRange     '1.4.0',
197 silly addNameRange     '1.4.1' ] ]
198 verbose addNamed [ 'bower', '1.4.1' ]
199 verbose addNamed [ '1.4.1', '1.4.1' ]
200 silly lockFile 185f46c0-bower-1-4-1 bower@1.4.1
201 verbose lock bower@1.4.1 /home/jorgelima/.npm/185f46c0-bower-1-4-1.lock
202 http 200 https://registry.npmjs.org/gulp-util/-/gulp-util-2.2.20.tgz
203 silly lockFile 04dcb06b--npmjs-org-bower-bower-1-4-1-tgz https://registry.npmjs.org/bower/-/bower-1.4.1.tgz
204 verbose lock https://registry.npmjs.org/bower/-/bower-1.4.1.tgz /home/jorgelima/.npm/04dcb06b--npmjs-org-bower-bower-1-4-1-tgz.lock
205 verbose addRemoteTarball [ 'https://registry.npmjs.org/bower/-/bower-1.4.1.tgz',
205 verbose addRemoteTarball   'a18be39d030792754f30f1c5b32d37b0156ba8dd' ]
206 info retry fetch attempt 1 at 18:02:15
207 verbose fetch to= /tmp/npm-5217-Fr_MGAOk/registry.npmjs.org/bower/-/bower-1.4.1.tgz
208 silly lockFile 34166e88-g-gulp-util-gulp-util-2-2-20-tgz https://registry.npmjs.org/gulp-util/-/gulp-util-2.2.20.tgz
209 silly lockFile 34166e88-g-gulp-util-gulp-util-2-2-20-tgz https://registry.npmjs.org/gulp-util/-/gulp-util-2.2.20.tgz
210 http GET https://registry.npmjs.org/bower/-/bower-1.4.1.tgz
211 silly lockFile 48c194cb-gulp-util-2-2-20 gulp-util@2.2.20
212 silly lockFile 48c194cb-gulp-util-2-2-20 gulp-util@2.2.20
213 silly lockFile e3e5f16b-gulp-util-2-2-14 gulp-util@^2.2.14
214 silly lockFile e3e5f16b-gulp-util-2-2-14 gulp-util@^2.2.14
215 silly lockFile 7d3918b1-shelljs-0-3-0 shelljs@0.3.0
216 silly lockFile 7d3918b1-shelljs-0-3-0 shelljs@0.3.0
217 silly lockFile 1ddaa962-shelljs-0-3-0 shelljs@^0.3.0
218 silly lockFile 1ddaa962-shelljs-0-3-0 shelljs@^0.3.0
219 http 200 https://registry.npmjs.org/gulp-minify-css
220 silly registry.get cb [ 200,
220 silly registry.get   { date: 'Fri, 17 Apr 2015 17:02:15 GMT',
220 silly registry.get     server: 'CouchDB/1.5.0 (Erlang OTP/R16B03)',
220 silly registry.get     etag: '"3WW1ACBB7M7F06SB2SNXAS1CW"',
220 silly registry.get     'content-type': 'application/json',
220 silly registry.get     'cache-control': 'max-age=60',
220 silly registry.get     'content-length': '42311',
220 silly registry.get     'accept-ranges': 'bytes',
220 silly registry.get     via: '1.1 varnish',
220 silly registry.get     age: '0',
220 silly registry.get     'x-served-by': 'cache-fra1239-FRA',
220 silly registry.get     'x-cache': 'HIT',
220 silly registry.get     'x-cache-hits': '1',
220 silly registry.get     'x-timer': 'S1429290134.978301,VS0,VE179',
220 silly registry.get     vary: 'Accept',
220 silly registry.get     'keep-alive': 'timeout=10, max=50',
220 silly registry.get     connection: 'Keep-Alive' } ]
221 silly addNameRange number 2 { name: 'gulp-minify-css',
221 silly addNameRange   range: '>=0.3.0-0 <0.4.0-0',
221 silly addNameRange   hasData: true }
222 silly addNameRange versions [ 'gulp-minify-css',
222 silly addNameRange   [ '0.0.1',
222 silly addNameRange     '0.1.0',
222 silly addNameRange     '0.2.0',
222 silly addNameRange     '0.3.0',
222 silly addNameRange     '0.3.1',
222 silly addNameRange     '0.3.2',
222 silly addNameRange     '0.3.3',
222 silly addNameRange     '0.3.4',
222 silly addNameRange     '0.3.5',
222 silly addNameRange     '0.3.6',
222 silly addNameRange     '0.3.7',
222 silly addNameRange     '0.3.8',
222 silly addNameRange     '0.3.9',
222 silly addNameRange     '0.3.10',
222 silly addNameRange     '0.3.11',
222 silly addNameRange     '0.3.12',
222 silly addNameRange     '0.3.13',
222 silly addNameRange     '0.4.0',
222 silly addNameRange     '0.4.1',
222 silly addNameRange     '0.4.2',
222 silly addNameRange     '0.4.3',
222 silly addNameRange     '0.4.4',
222 silly addNameRange     '0.4.5',
222 silly addNameRange     '0.4.6',
222 silly addNameRange     '0.5.0',
222 silly addNameRange     '0.5.1',
222 silly addNameRange     '1.0.0' ] ]
223 verbose addNamed [ 'gulp-minify-css', '0.3.13' ]
224 verbose addNamed [ '0.3.13', '0.3.13' ]
225 silly lockFile 9038a954-gulp-minify-css-0-3-13 gulp-minify-css@0.3.13
226 verbose lock gulp-minify-css@0.3.13 /home/jorgelima/.npm/9038a954-gulp-minify-css-0-3-13.lock
227 silly lockFile 8781e9f5-y-css-gulp-minify-css-0-3-13-tgz https://registry.npmjs.org/gulp-minify-css/-/gulp-minify-css-0.3.13.tgz
228 verbose lock https://registry.npmjs.org/gulp-minify-css/-/gulp-minify-css-0.3.13.tgz /home/jorgelima/.npm/8781e9f5-y-css-gulp-minify-css-0-3-13-tgz.lock
229 verbose addRemoteTarball [ 'https://registry.npmjs.org/gulp-minify-css/-/gulp-minify-css-0.3.13.tgz',
229 verbose addRemoteTarball   'ba813c665422868305383ccd185f239c1e35209b' ]
230 info retry fetch attempt 1 at 18:02:15
231 verbose fetch to= /tmp/npm-5217-Fr_MGAOk/registry.npmjs.org/gulp-minify-css/-/gulp-minify-css-0.3.13.tgz
232 http GET https://registry.npmjs.org/gulp-minify-css/-/gulp-minify-css-0.3.13.tgz
233 http 200 https://registry.npmjs.org/gulp-concat/-/gulp-concat-2.5.2.tgz
234 silly lockFile 2b63d021-ulp-concat-gulp-concat-2-5-2-tgz https://registry.npmjs.org/gulp-concat/-/gulp-concat-2.5.2.tgz
235 silly lockFile 2b63d021-ulp-concat-gulp-concat-2-5-2-tgz https://registry.npmjs.org/gulp-concat/-/gulp-concat-2.5.2.tgz
236 silly lockFile f86cbda2-gulp-concat-2-5-2 gulp-concat@2.5.2
237 silly lockFile f86cbda2-gulp-concat-2-5-2 gulp-concat@2.5.2
238 silly lockFile bade1119-gulp-concat-2-2-0 gulp-concat@^2.2.0
239 silly lockFile bade1119-gulp-concat-2-2-0 gulp-concat@^2.2.0
240 http 200 https://registry.npmjs.org/gulp-rename/-/gulp-rename-1.2.2.tgz
241 silly lockFile 12c1b996-ulp-rename-gulp-rename-1-2-2-tgz https://registry.npmjs.org/gulp-rename/-/gulp-rename-1.2.2.tgz
242 silly lockFile 12c1b996-ulp-rename-gulp-rename-1-2-2-tgz https://registry.npmjs.org/gulp-rename/-/gulp-rename-1.2.2.tgz
243 silly lockFile 36a270fc-gulp-rename-1-2-2 gulp-rename@1.2.2
244 silly lockFile 36a270fc-gulp-rename-1-2-2 gulp-rename@1.2.2
245 silly lockFile 31cef36d-gulp-rename-1-2-0 gulp-rename@^1.2.0
246 silly lockFile 31cef36d-gulp-rename-1-2-0 gulp-rename@^1.2.0
247 http 200 https://registry.npmjs.org/bower/-/bower-1.4.1.tgz
248 http 200 https://registry.npmjs.org/gulp-minify-css/-/gulp-minify-css-0.3.13.tgz
249 silly lockFile 8781e9f5-y-css-gulp-minify-css-0-3-13-tgz https://registry.npmjs.org/gulp-minify-css/-/gulp-minify-css-0.3.13.tgz
250 silly lockFile 8781e9f5-y-css-gulp-minify-css-0-3-13-tgz https://registry.npmjs.org/gulp-minify-css/-/gulp-minify-css-0.3.13.tgz
251 silly lockFile 9038a954-gulp-minify-css-0-3-13 gulp-minify-css@0.3.13
252 silly lockFile 9038a954-gulp-minify-css-0-3-13 gulp-minify-css@0.3.13
253 silly lockFile 97140670-gulp-minify-css-0-3-0 gulp-minify-css@^0.3.0
254 silly lockFile 97140670-gulp-minify-css-0-3-0 gulp-minify-css@^0.3.0
255 silly lockFile 04dcb06b--npmjs-org-bower-bower-1-4-1-tgz https://registry.npmjs.org/bower/-/bower-1.4.1.tgz
256 silly lockFile 04dcb06b--npmjs-org-bower-bower-1-4-1-tgz https://registry.npmjs.org/bower/-/bower-1.4.1.tgz
257 silly lockFile 185f46c0-bower-1-4-1 bower@1.4.1
258 silly lockFile 185f46c0-bower-1-4-1 bower@1.4.1
259 silly lockFile 0aa5c27e-bower-1-3-3 bower@^1.3.3
260 silly lockFile 0aa5c27e-bower-1-3-3 bower@^1.3.3
261 http 200 https://registry.npmjs.org/gulp-sass
262 silly registry.get cb [ 200,
262 silly registry.get   { date: 'Fri, 17 Apr 2015 17:02:15 GMT',
262 silly registry.get     server: 'CouchDB/1.5.0 (Erlang OTP/R16B03)',
262 silly registry.get     etag: '"AYBORDXO8R84T989MSDP64W8W"',
262 silly registry.get     'content-type': 'application/json',
262 silly registry.get     'cache-control': 'max-age=60',
262 silly registry.get     'content-length': '33348',
262 silly registry.get     'accept-ranges': 'bytes',
262 silly registry.get     via: '1.1 varnish',
262 silly registry.get     age: '0',
262 silly registry.get     'x-served-by': 'cache-fra1244-FRA',
262 silly registry.get     'x-cache': 'HIT',
262 silly registry.get     'x-cache-hits': '1',
262 silly registry.get     'x-timer': 'S1429290134.966620,VS0,VE712',
262 silly registry.get     vary: 'Accept',
262 silly registry.get     'keep-alive': 'timeout=10, max=50',
262 silly registry.get     connection: 'Keep-Alive' } ]
263 silly addNameRange number 2 { name: 'gulp-sass', range: '>=1.3.3-0 <2.0.0-0', hasData: true }
264 silly addNameRange versions [ 'gulp-sass',
264 silly addNameRange   [ '0.1.0',
264 silly addNameRange     '0.2.1',
264 silly addNameRange     '0.2.2',
264 silly addNameRange     '0.2.3',
264 silly addNameRange     '0.3.0',
264 silly addNameRange     '0.4.0',
264 silly addNameRange     '0.4.1',
264 silly addNameRange     '0.5.0',
264 silly addNameRange     '0.5.1',
264 silly addNameRange     '0.5.2',
264 silly addNameRange     '0.6.0',
264 silly addNameRange     '0.7.0',
264 silly addNameRange     '0.7.1',
264 silly addNameRange     '0.7.2',
264 silly addNameRange     '0.7.3',
264 silly addNameRange     '1.0.0',
264 silly addNameRange     '1.1.0',
264 silly addNameRange     '1.2.0',
264 silly addNameRange     '1.2.1',
264 silly addNameRange     '1.2.2',
264 silly addNameRange     '1.2.3',
264 silly addNameRange     '1.2.4',
264 silly addNameRange     '1.3.0',
264 silly addNameRange     '1.3.1',
264 silly addNameRange     '1.3.2',
264 silly addNameRange     '1.3.3',
264 silly addNameRange     '2.0.0-alpha.1' ] ]
265 verbose addNamed [ 'gulp-sass', '1.3.3' ]
266 verbose addNamed [ '1.3.3', '1.3.3' ]
267 silly lockFile bd3023a4-gulp-sass-1-3-3 gulp-sass@1.3.3
268 verbose lock gulp-sass@1.3.3 /home/jorgelima/.npm/bd3023a4-gulp-sass-1-3-3.lock
269 silly lockFile 9876ba90-rg-gulp-sass-gulp-sass-1-3-3-tgz https://registry.npmjs.org/gulp-sass/-/gulp-sass-1.3.3.tgz
270 verbose lock https://registry.npmjs.org/gulp-sass/-/gulp-sass-1.3.3.tgz /home/jorgelima/.npm/9876ba90-rg-gulp-sass-gulp-sass-1-3-3-tgz.lock
271 verbose addRemoteTarball [ 'https://registry.npmjs.org/gulp-sass/-/gulp-sass-1.3.3.tgz',
271 verbose addRemoteTarball   '66da87646bbfd299988c8ebbe94cefaff50e5662' ]
272 info retry fetch attempt 1 at 18:02:15
273 verbose fetch to= /tmp/npm-5217-Fr_MGAOk/registry.npmjs.org/gulp-sass/-/gulp-sass-1.3.3.tgz
274 http GET https://registry.npmjs.org/gulp-sass/-/gulp-sass-1.3.3.tgz
275 http 200 https://registry.npmjs.org/gulp-sass/-/gulp-sass-1.3.3.tgz
276 silly lockFile 9876ba90-rg-gulp-sass-gulp-sass-1-3-3-tgz https://registry.npmjs.org/gulp-sass/-/gulp-sass-1.3.3.tgz
277 silly lockFile 9876ba90-rg-gulp-sass-gulp-sass-1-3-3-tgz https://registry.npmjs.org/gulp-sass/-/gulp-sass-1.3.3.tgz
278 silly lockFile bd3023a4-gulp-sass-1-3-3 gulp-sass@1.3.3
279 silly lockFile bd3023a4-gulp-sass-1-3-3 gulp-sass@1.3.3
280 silly lockFile c5cae820-gulp-sass-1-3-3 gulp-sass@^1.3.3
281 silly lockFile c5cae820-gulp-sass-1-3-3 gulp-sass@^1.3.3
282 error Error: EACCES, mkdir '/home/jorgelima/.npm/gulp-util/2.2.20'
282 error  { [Error: EACCES, mkdir '/home/jorgelima/.npm/gulp-util/2.2.20']
282 error   errno: 3,
282 error   code: 'EACCES',
282 error   path: '/home/jorgelima/.npm/gulp-util/2.2.20',
282 error   parent: 'arpa' }
283 error Please try running this command again as root/Administrator.
284 error System Linux 3.13.0-24-generic
285 error command "/usr/bin/node" "/usr/bin/npm" "install"
286 error cwd /home/jorgelima/workspace/ARPA/ARPA
287 error node -v v0.10.38
288 error npm -v 1.4.28
289 error path /home/jorgelima/.npm/gulp-util/2.2.20
290 error code EACCES
291 error errno 3
292 error stack Error: EACCES, mkdir '/home/jorgelima/.npm/gulp-util/2.2.20'
293 verbose exit [ 3, true ]
