0 info it worked if it ends with ok
1 verbose cli [ '/usr/bin/node', '/usr/bin/npm', 'install', 'pgsql', '-g' ]
2 info using npm@1.4.28
3 info using node@v0.10.38
4 verbose node symlink /usr/bin/node
5 verbose cache add [ 'pgsql', null ]
6 verbose cache add name=undefined spec="pgsql" args=["pgsql",null]
7 verbose parsed url { protocol: null,
7 verbose parsed url   slashes: null,
7 verbose parsed url   auth: null,
7 verbose parsed url   host: null,
7 verbose parsed url   port: null,
7 verbose parsed url   hostname: null,
7 verbose parsed url   hash: null,
7 verbose parsed url   search: null,
7 verbose parsed url   query: null,
7 verbose parsed url   pathname: 'pgsql',
7 verbose parsed url   path: 'pgsql',
7 verbose parsed url   href: 'pgsql' }
8 silly lockFile c353ea6f-pgsql pgsql
9 verbose lock pgsql /home/jorgelima/.npm/c353ea6f-pgsql.lock
10 silly lockFile c353ea6f-pgsql pgsql
11 silly lockFile c353ea6f-pgsql pgsql
12 verbose addNamed [ 'pgsql', '' ]
13 verbose addNamed [ null, '*' ]
14 silly lockFile fdd14e8b-pgsql pgsql@
15 verbose lock pgsql@ /home/jorgelima/.npm/fdd14e8b-pgsql.lock
16 silly addNameRange { name: 'pgsql', range: '*', hasData: false }
17 verbose request where is /pgsql
18 verbose request registry https://registry.npmjs.org/
19 verbose request id d3cab72867be017d
20 verbose url raw /pgsql
21 verbose url resolving [ 'https://registry.npmjs.org/', './pgsql' ]
22 verbose url resolved https://registry.npmjs.org/pgsql
23 verbose request where is https://registry.npmjs.org/pgsql
24 info trying registry request attempt 1 at 01:26:17
25 http GET https://registry.npmjs.org/pgsql
26 http 404 https://registry.npmjs.org/pgsql
27 verbose headers { server: 'CouchDB/1.5.0 (Erlang OTP/R16B03)',
27 verbose headers   'content-type': 'application/json',
27 verbose headers   'cache-control': 'max-age=0',
27 verbose headers   'content-length': '51',
27 verbose headers   'accept-ranges': 'bytes',
27 verbose headers   date: 'Sun, 24 May 2015 00:26:18 GMT',
27 verbose headers   via: '1.1 varnish',
27 verbose headers   age: '0',
27 verbose headers   connection: 'keep-alive',
27 verbose headers   'x-served-by': 'cache-fra1222-FRA',
27 verbose headers   'x-cache': 'MISS',
27 verbose headers   'x-cache-hits': '0',
27 verbose headers   'x-timer': 'S1432427178.196096,VS0,VE760' }
28 silly registry.get cb [ 404,
28 silly registry.get   { server: 'CouchDB/1.5.0 (Erlang OTP/R16B03)',
28 silly registry.get     'content-type': 'application/json',
28 silly registry.get     'cache-control': 'max-age=0',
28 silly registry.get     'content-length': '51',
28 silly registry.get     'accept-ranges': 'bytes',
28 silly registry.get     date: 'Sun, 24 May 2015 00:26:18 GMT',
28 silly registry.get     via: '1.1 varnish',
28 silly registry.get     age: '0',
28 silly registry.get     connection: 'keep-alive',
28 silly registry.get     'x-served-by': 'cache-fra1222-FRA',
28 silly registry.get     'x-cache': 'MISS',
28 silly registry.get     'x-cache-hits': '0',
28 silly registry.get     'x-timer': 'S1432427178.196096,VS0,VE760' } ]
29 silly lockFile fdd14e8b-pgsql pgsql@
30 silly lockFile fdd14e8b-pgsql pgsql@
31 error 404 404 Not Found: pgsql
31 error 404
31 error 404 'pgsql' is not in the npm registry.
31 error 404 You should bug the author to publish it
31 error 404
31 error 404 Note that you can also install from a
31 error 404 tarball, folder, or http url, or git url.
32 error System Linux 3.13.0-24-generic
33 error command "/usr/bin/node" "/usr/bin/npm" "install" "pgsql" "-g"
34 error cwd /home/jorgelima/workspace/ARPA/server
35 error node -v v0.10.38
36 error npm -v 1.4.28
37 error code E404
38 verbose exit [ 1, true ]
